<?xml version="1.0" encoding="UTF-8"?>
<!-- Generated by org.testng.reporters.JUnitReportReporter -->
<testsuite hostname="DESKTOP-JH339UV" failures="0" tests="1" name="Tests.LoginTest" time="3.097" errors="0" timestamp="2021-05-18T08:34:23 IST" skipped="0">
  <testcase classname="Tests.LoginTest" name="doLogin" time="3.097"/>
  <system-out/>
</testsuite> <!-- Tests.LoginTest -->
