<?xml version="1.0" encoding="UTF-8"?>
<!-- Generated by org.testng.reporters.JUnitReportReporter -->
<testsuite hostname="DESKTOP-JH339UV" failures="0" tests="1" name="Tests.LeaveTestCases" time="9.381" errors="0" timestamp="2021-05-19T17:11:59 IST" skipped="0">
  <testcase classname="Tests.LeaveTestCases" name="getRejectedLeaves" time="9.381"/>
  <system-out/>
</testsuite> <!-- Tests.LeaveTestCases -->
