<?xml version="1.0" encoding="UTF-8"?>
<!-- Generated by org.testng.reporters.JUnitReportReporter -->
<testsuite hostname="DESKTOP-JH339UV" failures="0" tests="1" name="Wrappers.GenericWrapper" time="0.005" errors="0" timestamp="2021-05-18T09:21:56 IST" skipped="0">
  <testcase classname="Wrappers.GenericWrapper" name="randomStringGenerator" time="0.005"/>
  <system-out/>
</testsuite> <!-- Wrappers.GenericWrapper -->
